<?xml version="1.0" encoding="UTF-8"?>
<!-- Generated by org.testng.reporters.JUnitXMLReporter -->
<testsuite ignored="8" hostname="abdulraheemPC" failures="0" tests="1" name="Default test" time="5.992" errors="0" timestamp="2025-04-24T21:10:53 EET">
  <testcase classname="hello" name="TableTest" time="0.337"/>
  <testcase classname="hello" name="CheckBoxTest" time="0.0">
    <ignored/>
  </testcase> <!-- CheckBoxTest -->
  <testcase classname="hello" name="Switch_Tab_Example" time="0.0">
    <ignored/>
  </testcase> <!-- Switch_Tab_Example -->
  <testcase classname="hello" name="AlertTest" time="0.0">
    <ignored/>
  </testcase> <!-- AlertTest -->
  <testcase classname="hello" name="SelectTag" time="0.0">
    <ignored/>
  </testcase> <!-- SelectTag -->
  <testcase classname="hello" name="autoCompleteTest" time="0.0">
    <ignored/>
  </testcase> <!-- autoCompleteTest -->
  <testcase classname="hello" name="Window_Example" time="0.0">
    <ignored/>
  </testcase> <!-- Window_Example -->
  <testcase classname="hello" name="RadioButton" time="0.0">
    <ignored/>
  </testcase> <!-- RadioButton -->
  <testcase classname="hello" name="ConfirmTest" time="0.0">
    <ignored/>
  </testcase> <!-- ConfirmTest -->
</testsuite> <!-- Default test -->
