<?xml version="1.0" encoding="UTF-8"?>
<!-- Generated by org.testng.reporters.JUnitXMLReporter -->
<testsuite ignored="1" hostname="abdulraheemPC" failures="0" tests="2" name="Default test" time="9.019" errors="0" timestamp="2025-04-23T21:25:29 EET">
  <testcase classname="hello" name="SelectTag" time="0.118"/>
  <testcase classname="hello" name="CheckBoxTest" time="2.21"/>
  <testcase classname="hello" name="autoCompleteTest" time="0.0">
    <ignored/>
  </testcase> <!-- autoCompleteTest -->
</testsuite> <!-- Default test -->
