<?xml version="1.0" encoding="UTF-8"?>
<testng-results ignored="1" total="3" passed="2" failed="0" skipped="0">
  <reporter-output>
  </reporter-output>
  <suite started-at="2025-04-23T21:25:20 EET" name="Default suite" finished-at="2025-04-23T21:25:29 EET" duration-ms="9019">
    <groups>
    </groups>
    <test started-at="2025-04-23T21:25:20 EET" name="Default test" finished-at="2025-04-23T21:25:29 EET" duration-ms="9019">
      <class name="hello">
        <test-method is-config="true" signature="mySetup()[pri:0, instance:hello@18920cc]" started-at="2025-04-23T21:25:20 EET" name="mySetup" finished-at="2025-04-23T21:25:27 EET" duration-ms="6663" status="PASS">
          <reporter-output>
          </reporter-output>
        </test-method> <!-- mySetup -->
        <test-method signature="SelectTag()[pri:2, instance:hello@18920cc]" started-at="2025-04-23T21:25:27 EET" name="SelectTag" finished-at="2025-04-23T21:25:27 EET" duration-ms="118" status="PASS">
          <reporter-output>
          </reporter-output>
        </test-method> <!-- SelectTag -->
        <test-method signature="CheckBoxTest()[pri:3, instance:hello@18920cc]" started-at="2025-04-23T21:25:27 EET" name="CheckBoxTest" finished-at="2025-04-23T21:25:29 EET" duration-ms="2210" status="PASS">
          <reporter-output>
          </reporter-output>
        </test-method> <!-- CheckBoxTest -->
      </class> <!-- hello -->
    </test> <!-- Default test -->
  </suite> <!-- Default suite -->
</testng-results>
